<?xml version="1.0" encoding="UTF-8"?>
<testsuite xmlns:xsi="http://www.w3.org/2001/XMLSchema-instance" xsi:schemaLocation="https://maven.apache.org/surefire/maven-surefire-plugin/xsd/surefire-test-report.xsd" name="Parallel02IT" time="0.144" tests="1" errors="1" skipped="0" failures="0">
  <properties>
    <property name="java.runtime.name" value="Java(TM) SE Runtime Environment"/>
    <property name="cucumber.options" value="--tag @regression1"/>
    <property name="sun.boot.library.path" value="C:\Program Files\Java\jdk1.8.0_201\jre\bin"/>
    <property name="java.vm.version" value="25.201-b09"/>
    <property name="java.vm.vendor" value="Oracle Corporation"/>
    <property name="maven.multiModuleProjectDirectory" value="E:\EclipseWorkspace\telstra_project"/>
    <property name="java.vendor.url" value="http://java.oracle.com/"/>
    <property name="path.separator" value=";"/>
    <property name="guice.disable.misplaced.annotation.check" value="true"/>
    <property name="java.vm.name" value="Java HotSpot(TM) 64-Bit Server VM"/>
    <property name="file.encoding.pkg" value="sun.io"/>
    <property name="user.script" value=""/>
    <property name="user.country" value="US"/>
    <property name="sun.java.launcher" value="SUN_STANDARD"/>
    <property name="sun.os.patch.level" value=""/>
    <property name="java.vm.specification.name" value="Java Virtual Machine Specification"/>
    <property name="user.dir" value="E:\EclipseWorkspace\telstra_project"/>
    <property name="java.runtime.version" value="1.8.0_201-b09"/>
    <property name="java.awt.graphicsenv" value="sun.awt.Win32GraphicsEnvironment"/>
    <property name="java.endorsed.dirs" value="C:\Program Files\Java\jdk1.8.0_201\jre\lib\endorsed"/>
    <property name="os.arch" value="amd64"/>
    <property name="java.io.tmpdir" value="C:\Users\Dell\AppData\Local\Temp\"/>
    <property name="line.separator" value="&#10;"/>
    <property name="java.vm.specification.vendor" value="Oracle Corporation"/>
    <property name="user.variant" value=""/>
    <property name="os.name" value="Windows 10"/>
    <property name="classworlds.conf" value="C:\Program Files\apache-maven-3.6.1\bin\..\bin\m2.conf"/>
    <property name="sun.jnu.encoding" value="Cp1252"/>
    <property name="java.library.path" value="C:\Program Files\Java\jdk1.8.0_201\bin;C:\Windows\Sun\Java\bin;C:\Windows\system32;C:\Windows;C:/Program Files/Java/jre1.8.0_201/bin/server;C:/Program Files/Java/jre1.8.0_201/bin;C:/Program Files/Java/jre1.8.0_201/lib/amd64;C:\Program Files (x86)\Common Files\Oracle\Java\javapath;C:\Windows\system32;C:\Windows;C:\Windows\System32\Wbem;C:\Windows\System32\WindowsPowerShell\v1.0\;C:\Program Files\Java\jdk1.8.0_201\bin;E:\EclipseWorkspace\Browsers\IEDriverServer.exe;E:\EclipseWorkspace\Browsers\geckodriver.exe;C:\Program Files\nodejs\;C:\Program Files\apache-maven-3.6.1\bin;C:\Users\Dell\AppData\Local\Microsoft\WindowsApps;C:\Users\Dell\AppData\Roaming\npm;C:\Users\Dell\Desktop;;."/>
    <property name="maven.conf" value="C:\Program Files\apache-maven-3.6.1\bin\../conf"/>
    <property name="java.specification.name" value="Java Platform API Specification"/>
    <property name="java.class.version" value="52.0"/>
    <property name="sun.management.compiler" value="HotSpot 64-Bit Tiered Compilers"/>
    <property name="os.version" value="10.0"/>
    <property name="library.jansi.path" value="C:\Program Files\apache-maven-3.6.1\bin\..\lib\jansi-native"/>
    <property name="user.home" value="C:\Users\Dell"/>
    <property name="user.timezone" value="Australia/Sydney"/>
    <property name="java.awt.printerjob" value="sun.awt.windows.WPrinterJob"/>
    <property name="java.specification.version" value="1.8"/>
    <property name="file.encoding" value="Cp1252"/>
    <property name="user.name" value="Dell"/>
    <property name="java.class.path" value="C:\Program Files\apache-maven-3.6.1\bin\..\boot\plexus-classworlds-2.6.0.jar"/>
    <property name="java.vm.specification.version" value="1.8"/>
    <property name="sun.arch.data.model" value="64"/>
    <property name="java.home" value="C:\Program Files\Java\jdk1.8.0_201\jre"/>
    <property name="sun.java.command" value="org.codehaus.plexus.classworlds.launcher.Launcher test -Dcucumber.options=--tag @regression1"/>
    <property name="java.specification.vendor" value="Oracle Corporation"/>
    <property name="user.language" value="en"/>
    <property name="awt.toolkit" value="sun.awt.windows.WToolkit"/>
    <property name="java.vm.info" value="mixed mode"/>
    <property name="java.version" value="1.8.0_201"/>
    <property name="java.ext.dirs" value="C:\Program Files\Java\jdk1.8.0_201\jre\lib\ext;C:\Windows\Sun\Java\lib\ext"/>
    <property name="sun.boot.class.path" value="C:\Program Files\Java\jdk1.8.0_201\jre\lib\resources.jar;C:\Program Files\Java\jdk1.8.0_201\jre\lib\rt.jar;C:\Program Files\Java\jdk1.8.0_201\jre\lib\sunrsasign.jar;C:\Program Files\Java\jdk1.8.0_201\jre\lib\jsse.jar;C:\Program Files\Java\jdk1.8.0_201\jre\lib\jce.jar;C:\Program Files\Java\jdk1.8.0_201\jre\lib\charsets.jar;C:\Program Files\Java\jdk1.8.0_201\jre\lib\jfr.jar;C:\Program Files\Java\jdk1.8.0_201\jre\classes"/>
    <property name="sun.stderr.encoding" value="cp437"/>
    <property name="java.vendor" value="Oracle Corporation"/>
    <property name="maven.home" value="C:\Program Files\apache-maven-3.6.1\bin\.."/>
    <property name="file.separator" value="\"/>
    <property name="java.vendor.url.bug" value="http://bugreport.sun.com/bugreport/"/>
    <property name="sun.cpu.endian" value="little"/>
    <property name="sun.io.unicode.encoding" value="UnicodeLittle"/>
    <property name="sun.stdout.encoding" value="cp437"/>
    <property name="sun.desktop" value="windows"/>
    <property name="sun.cpu.isalist" value="amd64"/>
  </properties>
  <testcase name="initializationError" classname="Parallel02IT" time="0">
    <error message="Unknown option: --tag" type="cucumber.runtime.CucumberException">cucumber.runtime.CucumberException: Unknown option: --tag
</error>
    <system-out><![CDATA[Usage: java cucumber.api.cli.Main [options] [[[FILE|DIR][:LINE[:LINE]*] ]+ | @FILE ]

Options:

  -g, --glue PATH                        Where glue code (step definitions, hooks
                                         and plugins) are loaded from.
  -p, --[add-]plugin PLUGIN[:PATH_OR_URL]
                                         Register a plugin.
                                         Built-in formatter PLUGIN types: junit,
                                         html, pretty, progress, json, usage, rerun,
                                         testng. Built-in summary PLUGIN types:
                                         default_summary, null_summary. PLUGIN can
                                         also be a fully qualified class name, allowing
                                         registration of 3rd party plugins.
                                         --add-plugin does not clobber plugins of that 
                                         type defined from a different source.
  -f, --format FORMAT[:PATH_OR_URL]      Deprecated. Use --plugin instead.
  -t, --tags TAG_EXPRESSION              Only run scenarios tagged with tags matching
                                         TAG_EXPRESSION.
  -n, --name REGEXP                      Only run scenarios whose names match REGEXP.
  -d, --[no-]-dry-run                    Skip execution of glue code.
  -m, --[no-]-monochrome                 Don't colour terminal output.
  -s, --[no-]-strict                     Treat undefined and pending steps as errors.
      --snippets [underscore|camelcase]  Naming convention for generated snippets.
                                         Defaults to underscore.
  -v, --version                          Print version.
  -h, --help                             You're looking at it.
  --i18n LANG                            List keywords for in a particular language
                                         Run with "--i18n help" to see all languages
  --junit,OPTION[,OPTION]*               Pass the OPTION(s) to the JUnit module.
                                         Use --junit,-h or --junit,--help to print the
                                         options of the JUnit module.

Feature path examples:
  <path>                                 Load the files with the extension ".feature"
                                         for the directory <path>
                                         and its sub directories.
  <path>/<name>.feature                  Load the feature file <path>/<name>.feature
                                         from the file system.
  classpath:<path>/<name>.feature        Load the feature file <path>/<name>.feature
                                         from the classpath.
  <path>/<name>.feature:3:9              Load the scenarios on line 3 and line 9 in
                                         the file <path>/<name>.feature.
  @<path>/<file>                         Parse <path>/<file> for feature paths generated
                                         by the rerun formatter.

]]></system-out>
  </testcase>
</testsuite>